[ 2023-06-05 18:47:41,906 ] 36 root - INFO - Entered the data ingestion method or component
[ 2023-06-05 18:47:41,906 ] 39 root - INFO - Read the dataset as dataframe
[ 2023-06-05 18:47:41,915 ] 44 root - INFO - Train test split initiated
[ 2023-06-05 18:47:41,923 ] 51 root - INFO - Inmgestion of the data iss completed
[ 2023-06-05 18:47:41,923 ] 64 root - INFO - Done DataInjection in main
[ 2023-06-05 18:47:41,927 ] 85 root - INFO - Read train and test data completed
[ 2023-06-05 18:47:41,927 ] 87 root - INFO - Obtaining preprocessing object
[ 2023-06-05 18:47:41,928 ] 61 root - INFO - Categorical columns: ['gender', 'race_ethnicity', 'parental_level_of_education', 'lunch', 'test_preparation_course']
[ 2023-06-05 18:47:41,939 ] 62 root - INFO - Numerical columns: ['writing_score', 'reading_score']
[ 2023-06-05 18:47:41,939 ] 61 root - INFO - Categorical columns: ['gender', 'race_ethnicity', 'parental_level_of_education', 'lunch', 'test_preparation_course']
[ 2023-06-05 18:47:41,939 ] 62 root - INFO - Numerical columns: ['reading_score', 'math_score']
[ 2023-06-05 18:47:41,939 ] 61 root - INFO - Categorical columns: ['gender', 'race_ethnicity', 'parental_level_of_education', 'lunch', 'test_preparation_course']
[ 2023-06-05 18:47:41,939 ] 62 root - INFO - Numerical columns: ['writing_score', 'math_score']
[ 2023-06-05 18:47:41,939 ] 92 root - INFO - Done Preprocessing for all 3
[ 2023-06-05 18:47:41,941 ] 120 root - INFO - Applying preprocessing object on training dataframe and testing dataframe. 121
[ 2023-06-05 18:47:41,968 ] 147 root - INFO - Saved preprocessing object.
[ 2023-06-05 18:47:41,972 ] 67 root - INFO - Done Data transformation in main
[ 2023-06-05 18:47:41,972 ] 33 root - INFO - Split training and test input data
[ 2023-06-05 18:48:33,593 ] 102 root - INFO - Best found model on both training and testing dataset
[ 2023-06-05 18:48:33,599 ] 33 root - INFO - Split training and test input data
[ 2023-06-05 18:49:23,002 ] 102 root - INFO - Best found model on both training and testing dataset
[ 2023-06-05 18:49:23,011 ] 33 root - INFO - Split training and test input data
[ 2023-06-05 18:50:17,226 ] 102 root - INFO - Best found model on both training and testing dataset
