[ 2023-06-05 19:23:49,653 ] 35 root - INFO - Entered the data ingestion method or component
[ 2023-06-05 19:23:49,656 ] 38 root - INFO - Read the dataset as dataframe
[ 2023-06-05 19:23:49,661 ] 43 root - INFO - Train test split initiated
[ 2023-06-05 19:23:49,667 ] 50 root - INFO - Inmgestion of the data iss completed
[ 2023-06-05 19:23:49,667 ] 63 root - INFO - Done DataInjection in main
[ 2023-06-05 19:23:49,670 ] 82 root - INFO - Read train and test data completed
[ 2023-06-05 19:23:49,671 ] 84 root - INFO - Obtaining preprocessing object
[ 2023-06-05 19:23:49,671 ] 58 root - INFO - Categorical columns: ['gender', 'race_ethnicity', 'parental_level_of_education', 'lunch', 'test_preparation_course']
[ 2023-06-05 19:23:49,671 ] 59 root - INFO - Numerical columns: ['writing_score', 'reading_score']
[ 2023-06-05 19:23:49,672 ] 97 root - INFO - Applying preprocessing object on training dataframe and testing dataframe.
[ 2023-06-05 19:23:49,681 ] 109 root - INFO - Saved preprocessing object.
[ 2023-06-05 19:23:49,684 ] 82 root - INFO - Read train and test data completed
[ 2023-06-05 19:23:49,685 ] 84 root - INFO - Obtaining preprocessing object
[ 2023-06-05 19:23:49,685 ] 58 root - INFO - Categorical columns: ['gender', 'race_ethnicity', 'parental_level_of_education', 'lunch', 'test_preparation_course']
[ 2023-06-05 19:23:49,685 ] 59 root - INFO - Numerical columns: ['writing_score', 'reading_score']
[ 2023-06-05 19:23:49,685 ] 97 root - INFO - Applying preprocessing object on training dataframe and testing dataframe.
[ 2023-06-05 19:23:49,693 ] 109 root - INFO - Saved preprocessing object.
[ 2023-06-05 19:23:49,697 ] 82 root - INFO - Read train and test data completed
[ 2023-06-05 19:23:49,697 ] 84 root - INFO - Obtaining preprocessing object
[ 2023-06-05 19:23:49,697 ] 58 root - INFO - Categorical columns: ['gender', 'race_ethnicity', 'parental_level_of_education', 'lunch', 'test_preparation_course']
[ 2023-06-05 19:23:49,697 ] 59 root - INFO - Numerical columns: ['writing_score', 'reading_score']
[ 2023-06-05 19:23:49,698 ] 97 root - INFO - Applying preprocessing object on training dataframe and testing dataframe.
[ 2023-06-05 19:23:49,706 ] 109 root - INFO - Saved preprocessing object.
[ 2023-06-05 19:23:49,707 ] 71 root - INFO - Done Data transformation in main
[ 2023-06-05 19:23:49,708 ] 33 root - INFO - Split training and test input data
[ 2023-06-05 19:24:40,213 ] 102 root - INFO - Best found model on both training and testing dataset
[ 2023-06-05 19:24:40,217 ] 33 root - INFO - Split training and test input data
[ 2023-06-05 19:25:32,758 ] 102 root - INFO - Best found model on both training and testing dataset
[ 2023-06-05 19:25:32,763 ] 33 root - INFO - Split training and test input data
[ 2023-06-05 19:26:22,520 ] 102 root - INFO - Best found model on both training and testing dataset
